2021-07-14 15:30:02.437635 filter_off - Filter is ON! Relais 2 / Filter will be switched off!
2021-07-15 08:30:02.047996 filter_on - Filter is OFF! Relais 2 / Filter on!
2021-07-15 15:30:02.132626 filter_off - Filter is ON! Relais 2 / Filter will be switched off!
2021-07-16 08:30:02.171206 filter_on - Filter is OFF! Relais 2 / Filter on!
2021-07-16 15:30:02.246703 filter_off - Filter is ON! Relais 2 / Filter will be switched off!
2021-07-17 08:30:02.402896 filter_on - Filter is OFF! Relais 2 / Filter on!
2021-07-17 15:30:02.491642 filter_off - Filter is ON! Relais 2 / Filter will be switched off!
2021-07-18 08:30:02.372931 filter_on - Filter is OFF! Relais 2 / Filter on!
2021-07-18 15:30:02.428811 filter_off - Filter is ON! Relais 2 / Filter will be switched off!
2021-07-19 08:30:02.395955 filter_on - Filter is OFF! Relais 2 / Filter on!
2021-07-19 15:30:02.440412 filter_off - Filter is ON! Relais 2 / Filter will be switched off!
2021-07-20 08:30:02.359040 filter_on - Filter is OFF! Relais 2 / Filter on!
2021-07-20 15:30:02.398018 filter_off - Filter is ON! Relais 2 / Filter will be switched off!
2021-07-21 08:30:01.716001 filter_on - Filter is OFF! Relais 2 / Filter on!
2021-07-21 15:30:01.801267 filter_off - Filter is ON! Relais 2 / Filter will be switched off!
2021-07-22 08:30:02.262102 filter_on - Filter is OFF! Relais 2 / Filter on!
2021-07-22 15:30:02.266642 filter_off - Filter is ON! Relais 2 / Filter will be switched off!
2021-07-23 08:30:02.271737 filter_on - Filter is OFF! Relais 2 / Filter on!
2021-07-23 15:30:02.310904 filter_off - Filter is ON! Relais 2 / Filter will be switched off!
2021-07-24 08:30:02.515285 filter_on - Filter is OFF! Relais 2 / Filter on!
2021-07-24 15:30:02.597473 filter_off - Filter is ON! Relais 2 / Filter will be switched off!
2021-07-25 08:30:02.157209 filter_on - Filter is OFF! Relais 2 / Filter on!
2021-07-25 15:30:02.222475 filter_off - Filter is ON! Relais 2 / Filter will be switched off!
2021-07-26 08:30:02.115060 filter_on - Filter is OFF! Relais 2 / Filter on!
2021-07-26 15:30:02.222982 filter_off - Filter is ON! Relais 2 / Filter will be switched off!
2021-07-27 08:30:02.100638 filter_on - Filter is OFF! Relais 2 / Filter on!
2021-07-27 15:30:02.169965 filter_off - Filter is ON! Relais 2 / Filter will be switched off!
2021-07-28 08:30:02.287402 filter_on - Filter is OFF! Relais 2 / Filter on!
2021-07-28 15:30:02.357130 filter_off - Filter is ON! Relais 2 / Filter will be switched off!
2021-07-29 08:30:02.297406 filter_on - Filter is OFF! Relais 2 / Filter on!
2021-07-29 15:30:02.365887 filter_off - Filter is ON! Relais 2 / Filter will be switched off!
2021-07-30 08:30:02.442433 filter_on - Filter is OFF! Relais 2 / Filter on!
2021-07-30 15:30:02.521997 filter_off - Filter is ON! Relais 2 / Filter will be switched off!
2021-07-31 08:30:02.558611 filter_on - Filter is OFF! Relais 2 / Filter on!
2021-07-31 15:30:01.628072 filter_off - Filter is ON! Relais 2 / Filter will be switched off!
2021-08-01 08:30:01.688094 filter_on - Filter is OFF! Relais 2 / Filter on!
2021-08-01 15:30:01.744973 filter_off - Filter is ON! Relais 2 / Filter will be switched off!
2021-08-02 08:30:01.784820 filter_on - Filter is OFF! Relais 2 / Filter on!
2021-08-02 15:30:01.861407 filter_off - Filter is ON! Relais 2 / Filter will be switched off!
2021-08-03 08:30:01.828663 filter_on - Filter is already ON! Relais 2 / Filter will not be touched!
2021-08-03 15:30:01.893671 filter_off - Filter is ON! Relais 2 / Filter will be switched off!
2021-08-04 08:30:02.139076 filter_on - Filter is OFF! Relais 2 / Filter on!
2021-08-04 15:30:02.196435 filter_off - Filter is ON! Relais 2 / Filter will be switched off!
2021-08-05 08:30:01.566153 filter_on - Filter is already ON! Relais 2 / Filter will not be touched!
2021-08-05 15:30:01.584843 filter_off - Filter is ON! Relais 2 / Filter will be switched off!
2021-08-06 08:30:01.675848 filter_on - Filter is OFF! Relais 2 / Filter on!
2021-08-06 15:30:01.693972 filter_off - Filter is ON! Relais 2 / Filter will be switched off!
2021-08-07 08:30:02.537254 filter_on - Filter is OFF! Relais 2 / Filter on!
2021-08-07 15:30:01.600828 filter_off - Filter is ON! Relais 2 / Filter will be switched off!
2021-08-08 08:30:02.010333 filter_on - Filter is OFF! Relais 2 / Filter on!
2021-08-08 15:30:02.062440 filter_off - Filter is ON! Relais 2 / Filter will be switched off!
2021-08-09 08:30:01.885846 filter_on - Filter is OFF! Relais 2 / Filter on!
2021-08-09 15:30:01.949835 filter_off - Filter is ON! Relais 2 / Filter will be switched off!
2021-08-10 08:30:02.202864 filter_on - Filter is OFF! Relais 2 / Filter on!
2021-08-10 15:30:02.254633 filter_off - Filter is ON! Relais 2 / Filter will be switched off!
2021-08-11 08:30:02.284369 filter_on - Filter is OFF! Relais 2 / Filter on!
2021-08-11 15:30:02.367402 filter_off - Filter is ON! Relais 2 / Filter will be switched off!
2021-08-12 08:30:02.315342 filter_on - Filter is OFF! Relais 2 / Filter on!
2021-08-12 15:30:02.388734 filter_off - Filter is ON! Relais 2 / Filter will be switched off!
2021-08-13 08:30:02.425022 filter_on - Filter is OFF! Relais 2 / Filter on!
2021-08-13 15:30:02.491487 filter_off - Filter is ON! Relais 2 / Filter will be switched off!
2021-08-14 08:30:02.346770 filter_on - Filter is OFF! Relais 2 / Filter on!
2021-08-14 15:30:02.446202 filter_off - Filter is ON! Relais 2 / Filter will be switched off!
2021-08-15 08:30:02.193736 filter_on - Filter is OFF! Relais 2 / Filter on!
2021-08-15 15:30:02.281237 filter_off - Filter is ON! Relais 2 / Filter will be switched off!
2021-08-16 08:30:02.023759 filter_on - Filter is OFF! Relais 2 / Filter on!
2021-08-16 15:30:02.106311 filter_off - Filter is ON! Relais 2 / Filter will be switched off!
2021-08-17 08:30:01.730179 filter_on - Filter is OFF! Relais 2 / Filter on!
2021-08-17 15:30:01.804143 filter_off - Filter is ON! Relais 2 / Filter will be switched off!
2021-08-18 08:30:01.774512 filter_on - Filter is OFF! Relais 2 / Filter on!
2021-08-18 15:30:01.806832 filter_off - Filter is ON! Relais 2 / Filter will be switched off!
2021-08-19 08:30:01.736774 filter_on - Filter is OFF! Relais 2 / Filter on!
2021-08-19 15:30:02.443685 filter_off - Filter is ON! Relais 2 / Filter will be switched off!
2021-08-20 08:30:02.196777 filter_on - Filter is OFF! Relais 2 / Filter on!
2021-08-20 15:30:01.882327 filter_off - Filter is ON! Relais 2 / Filter will be switched off!
2021-08-21 08:30:01.688163 filter_on - Filter is OFF! Relais 2 / Filter on!
2021-08-21 15:30:02.359741 filter_off - Filter is ON! Relais 2 / Filter will be switched off!
2021-08-22 08:30:01.759632 filter_on - Filter is OFF! Relais 2 / Filter on!
2021-08-22 15:30:01.741015 filter_off - Filter is ON! Relais 2 / Filter will be switched off!
2021-08-23 08:30:02.423827 filter_on - Filter is OFF! Relais 2 / Filter on!
2021-08-23 15:30:01.629323 filter_off - Filter is ON! Relais 2 / Filter will be switched off!
2021-08-24 08:30:01.829173 filter_on - Filter is OFF! Relais 2 / Filter on!
2021-08-24 15:30:02.110039 filter_off - Filter is ON! Relais 2 / Filter will be switched off!
2021-08-25 08:30:02.509454 filter_on - Filter is OFF! Relais 2 / Filter on!
2021-08-25 15:30:01.790732 filter_off - Filter is ON! Relais 2 / Filter will be switched off!
2021-08-26 08:30:02.423262 filter_on - Filter is OFF! Relais 2 / Filter on!
2021-08-26 15:30:01.807545 filter_off - Filter is ON! Relais 2 / Filter will be switched off!
2021-08-27 08:30:02.503271 filter_on - Filter is OFF! Relais 2 / Filter on!
2021-08-27 15:30:01.778723 filter_off - Filter is ON! Relais 2 / Filter will be switched off!
2021-08-28 08:30:02.034208 filter_on - Filter is OFF! Relais 2 / Filter on!
2021-08-28 15:30:01.869924 filter_off - Filter is ON! Relais 2 / Filter will be switched off!
2021-08-29 08:30:01.698206 filter_on - Filter is OFF! Relais 2 / Filter on!
2021-08-29 15:30:02.496250 filter_off - Filter is ON! Relais 2 / Filter will be switched off!
2021-08-30 08:30:01.789943 filter_on - Filter is OFF! Relais 2 / Filter on!
2021-08-30 15:30:02.425611 filter_off - Filter is ON! Relais 2 / Filter will be switched off!
2021-08-31 08:30:01.831168 filter_on - Filter is OFF! Relais 2 / Filter on!
2021-08-31 15:30:01.829836 filter_off - Filter is ON! Relais 2 / Filter will be switched off!
2021-09-01 08:30:02.036085 filter_on - Filter is OFF! Relais 2 / Filter on!
2021-09-01 15:30:02.119949 filter_off - Filter is ON! Relais 2 / Filter will be switched off!
2021-09-02 08:30:01.959691 filter_on - Filter is OFF! Relais 2 / Filter on!
2021-09-02 15:30:02.182811 filter_off - Filter is ON! Relais 2 / Filter will be switched off!
2021-09-03 08:30:01.693917 filter_on - Filter is OFF! Relais 2 / Filter on!
2021-09-03 15:30:02.423760 filter_off - Filter is ON! Relais 2 / Filter will be switched off!
2021-09-04 08:30:02.178780 filter_on - Filter is OFF! Relais 2 / Filter on!
2021-09-04 15:30:02.540958 filter_off - Filter is ON! Relais 2 / Filter will be switched off!
2021-09-05 08:30:02.297423 filter_on - Filter is OFF! Relais 2 / Filter on!
2021-09-05 15:30:02.026447 filter_off - Filter is ON! Relais 2 / Filter will be switched off!
2021-09-06 08:30:01.720661 filter_on - Filter is OFF! Relais 2 / Filter on!
2021-09-06 15:30:02.038727 filter_off - Filter is ON! Relais 2 / Filter will be switched off!
2021-09-07 08:30:01.753351 filter_on - Filter is OFF! Relais 2 / Filter on!
2021-09-07 15:30:01.950310 filter_off - Filter is ON! Relais 2 / Filter will be switched off!
2021-09-08 08:30:02.342229 filter_on - Filter is OFF! Relais 2 / Filter on!
2021-09-08 15:30:01.961003 filter_off - Filter is ON! Relais 2 / Filter will be switched off!
2021-09-09 08:30:02.546523 filter_on - Filter is OFF! Relais 2 / Filter on!
2021-09-09 15:30:02.513284 filter_off - Filter is ON! Relais 2 / Filter will be switched off!
2021-09-10 08:30:02.109671 filter_on - Filter is OFF! Relais 2 / Filter on!
2021-09-10 15:30:02.510433 filter_off - Filter is ON! Relais 2 / Filter will be switched off!
2021-09-11 08:30:01.960239 filter_on - Filter is OFF! Relais 2 / Filter on!
2021-09-11 15:30:02.543894 filter_off - Filter is ON! Relais 2 / Filter will be switched off!
2021-09-12 08:30:02.279235 filter_on - Filter is OFF! Relais 2 / Filter on!
2021-09-12 15:30:02.150856 filter_off - Filter is ON! Relais 2 / Filter will be switched off!
2021-09-13 08:30:02.542989 filter_on - Filter is OFF! Relais 2 / Filter on!
2021-09-13 15:30:01.781768 filter_off - Filter is ON! Relais 2 / Filter will be switched off!
2021-09-14 08:30:02.427580 filter_on - Filter is OFF! Relais 2 / Filter on!
2021-09-14 15:30:02.182970 filter_off - Filter is ON! Relais 2 / Filter will be switched off!
2021-09-15 08:30:01.938343 filter_on - Filter is OFF! Relais 2 / Filter on!
2021-09-15 15:30:01.719784 filter_off - Filter is ON! Relais 2 / Filter will be switched off!
2021-09-16 08:30:01.783567 filter_on - Filter is OFF! Relais 2 / Filter on!
2021-09-16 15:30:02.509467 filter_off - Filter is ON! Relais 2 / Filter will be switched off!
2021-09-17 08:30:01.494766 filter_on - Filter is already ON! Relais 2 / Filter will not be touched!
2021-09-17 15:30:01.704692 filter_off - Filter is ON! Relais 2 / Filter will be switched off!
2021-09-18 08:30:01.998139 filter_on - Filter is already ON! Relais 2 / Filter will not be touched!
2021-09-18 15:30:02.110211 filter_off - Filter is ON! Relais 2 / Filter will be switched off!
2021-09-19 08:30:01.676025 filter_on - Filter is OFF! Relais 2 / Filter on!
2021-09-19 15:30:02.544883 filter_off - Filter is ON! Relais 2 / Filter will be switched off!
2021-09-20 08:30:02.036081 filter_on - Filter is OFF! Relais 2 / Filter on!
2021-09-20 15:30:02.424727 filter_off - Filter is ON! Relais 2 / Filter will be switched off!
2021-09-21 08:30:01.369537 filter_on - Filter is already ON! Relais 2 / Filter will not be touched!
2021-09-21 15:30:02.036583 filter_off - Filter is ON! Relais 2 / Filter will be switched off!
2021-09-22 08:30:01.842890 filter_on - Filter is already ON! Relais 2 / Filter will not be touched!
2021-09-22 15:30:02.494257 filter_off - Filter is ON! Relais 2 / Filter will be switched off!
2021-09-23 08:30:02.479612 filter_on - Filter is OFF! Relais 2 / Filter on!
2021-09-23 15:30:01.800857 filter_off - Filter is ON! Relais 2 / Filter will be switched off!
2021-09-24 08:30:01.778746 filter_on - Filter is OFF! Relais 2 / Filter on!
2021-09-24 15:30:02.526547 filter_off - Filter is ON! Relais 2 / Filter will be switched off!
2021-09-25 08:30:02.079153 filter_on - Filter is OFF! Relais 2 / Filter on!
2021-09-25 15:30:02.209239 filter_off - Filter is ON! Relais 2 / Filter will be switched off!
2021-09-26 08:30:01.879759 filter_on - Filter is OFF! Relais 2 / Filter on!
2021-09-26 15:30:01.992657 filter_off - Filter is ON! Relais 2 / Filter will be switched off!
2021-09-27 08:30:02.544615 filter_on - Filter is OFF! Relais 2 / Filter on!
2021-09-27 15:30:01.880887 filter_off - Filter is ON! Relais 2 / Filter will be switched off!
2021-09-28 08:30:01.870492 filter_on - Filter is OFF! Relais 2 / Filter on!
2021-09-28 15:30:02.424566 filter_off - Filter is ON! Relais 2 / Filter will be switched off!
2021-09-29 08:30:02.553889 filter_on - Filter is OFF! Relais 2 / Filter on!
2021-09-29 15:30:02.158086 filter_off - Filter is ON! Relais 2 / Filter will be switched off!
2021-09-30 08:30:02.344198 filter_on - Filter is OFF! Relais 2 / Filter on!
2021-09-30 15:30:02.437488 filter_off - Filter is ON! Relais 2 / Filter will be switched off!
2021-10-01 08:30:01.961275 filter_on - Filter is OFF! Relais 2 / Filter on!
2021-10-01 15:30:01.945173 filter_off - Filter is ON! Relais 2 / Filter will be switched off!
2021-10-02 08:30:02.011097 filter_on - Filter is OFF! Relais 2 / Filter on!
2021-10-02 15:30:01.864006 filter_off - Filter is ON! Relais 2 / Filter will be switched off!
2021-10-03 08:30:02.361049 filter_on - Filter is OFF! Relais 2 / Filter on!
2021-10-03 15:30:02.319440 filter_off - Filter is ON! Relais 2 / Filter will be switched off!
2021-10-04 08:30:02.099738 filter_on - Filter is OFF! Relais 2 / Filter on!
2021-10-04 15:30:02.200949 filter_off - Filter is ON! Relais 2 / Filter will be switched off!
2021-10-05 08:30:02.544013 filter_on - Filter is OFF! Relais 2 / Filter on!
2021-10-05 15:30:01.795419 filter_off - Filter is ON! Relais 2 / Filter will be switched off!
2021-10-06 08:30:02.423562 filter_on - Filter is OFF! Relais 2 / Filter on!
2021-10-06 15:30:02.262608 filter_off - Filter is ON! Relais 2 / Filter will be switched off!
2021-10-07 08:30:02.108455 filter_on - Filter is OFF! Relais 2 / Filter on!
2021-10-07 15:30:01.947473 filter_off - Filter is ON! Relais 2 / Filter will be switched off!
2021-10-08 08:30:01.837627 filter_on - Filter is OFF! Relais 2 / Filter on!
2021-10-08 15:30:02.543990 filter_off - Filter is ON! Relais 2 / Filter will be switched off!
2021-10-09 08:30:02.034570 filter_on - Filter is OFF! Relais 2 / Filter on!
2021-10-09 15:30:02.021347 filter_off - Filter is ON! Relais 2 / Filter will be switched off!
2021-10-10 08:30:01.647084 filter_on - Filter is OFF! Relais 2 / Filter on!
2021-10-10 15:30:01.869596 filter_off - Filter is ON! Relais 2 / Filter will be switched off!
2021-10-11 08:30:02.543912 filter_on - Filter is OFF! Relais 2 / Filter on!
2021-10-11 15:30:01.743657 filter_off - Filter is ON! Relais 2 / Filter will be switched off!
2021-10-12 08:30:02.107050 filter_on - Filter is OFF! Relais 2 / Filter on!
2021-10-12 15:30:01.669477 filter_off - Filter is ON! Relais 2 / Filter will be switched off!
2021-10-13 08:30:02.109397 filter_on - Filter is OFF! Relais 2 / Filter on!
2021-10-13 15:30:01.641481 filter_off - Filter is ON! Relais 2 / Filter will be switched off!
2021-10-14 08:30:02.200493 filter_on - Filter is OFF! Relais 2 / Filter on!
2021-10-14 15:30:01.791953 filter_off - Filter is ON! Relais 2 / Filter will be switched off!
2021-10-15 08:30:02.537347 filter_on - Filter is OFF! Relais 2 / Filter on!
2021-10-15 15:30:02.520058 filter_off - Filter is ON! Relais 2 / Filter will be switched off!
2021-10-16 08:30:01.744068 filter_on - Filter is OFF! Relais 2 / Filter on!
2021-10-16 15:30:01.618468 filter_off - Filter is ON! Relais 2 / Filter will be switched off!
2021-10-17 08:30:02.034095 filter_on - Filter is OFF! Relais 2 / Filter on!
2021-10-17 15:30:01.218709 filter_off - Filter is OFF! No need to switch off Relais 2 / Filter!
2021-10-17 16:38:06.956067 filter_off - Filter is ON! Relais 2 / Filter will be switched off!
2021-10-18 08:30:02.244675 filter_on - Filter is OFF! Relais 2 / Filter on!
2021-10-18 15:30:02.170656 filter_off - Filter is ON! Relais 2 / Filter will be switched off!
2021-10-19 08:30:02.524210 filter_on - Filter is OFF! Relais 2 / Filter on!
2021-10-19 15:30:02.262858 filter_off - Filter is ON! Relais 2 / Filter will be switched off!
2021-10-20 08:30:01.941933 filter_on - Filter is OFF! Relais 2 / Filter on!
2021-10-20 15:30:01.844742 filter_off - Filter is ON! Relais 2 / Filter will be switched off!
2021-10-21 08:30:02.377149 filter_on - Filter is OFF! Relais 2 / Filter on!
2021-10-21 15:30:01.883169 filter_off - Filter is ON! Relais 2 / Filter will be switched off!
2021-10-22 08:30:01.691364 filter_on - Filter is OFF! Relais 2 / Filter on!
2021-10-22 15:30:02.331467 filter_off - Filter is ON! Relais 2 / Filter will be switched off!
2021-10-23 08:30:02.201520 filter_on - Filter is OFF! Relais 2 / Filter on!
2021-10-23 15:30:01.505618 filter_off - Filter is OFF! No need to switch off Relais 2 / Filter!
2021-10-24 08:30:01.608830 filter_on - Filter is OFF! Relais 2 / Filter on!
2021-10-24 15:30:01.930908 filter_off - Filter is ON! Relais 2 / Filter will be switched off!
2021-10-25 08:30:02.542716 filter_on - Filter is OFF! Relais 2 / Filter on!
2021-10-25 15:30:01.813013 filter_off - Filter is ON! Relais 2 / Filter will be switched off!
2021-10-26 08:30:01.576087 filter_on - Filter is OFF! Relais 2 / Filter on!
2021-10-26 15:30:01.690910 filter_off - Filter is ON! Relais 2 / Filter will be switched off!
2021-10-27 08:30:02.181619 filter_on - Filter is OFF! Relais 2 / Filter on!
2021-10-27 15:30:02.263801 filter_off - Filter is ON! Relais 2 / Filter will be switched off!
2021-10-28 08:30:01.685814 filter_on - Filter is OFF! Relais 2 / Filter on!
2021-10-28 15:30:01.892419 filter_off - Filter is ON! Relais 2 / Filter will be switched off!
2021-10-29 08:30:02.327653 filter_on - Filter is OFF! Relais 2 / Filter on!
2021-10-29 15:30:01.818416 filter_off - Filter is ON! Relais 2 / Filter will be switched off!
2021-10-30 08:30:02.085428 filter_on - Filter is OFF! Relais 2 / Filter on!
2021-10-30 15:30:02.328139 filter_off - Filter is ON! Relais 2 / Filter will be switched off!
2021-10-31 08:30:02.201572 filter_on - Filter is OFF! Relais 2 / Filter on!
2021-10-31 15:30:01.782165 filter_off - Filter is ON! Relais 2 / Filter will be switched off!
2021-11-01 08:30:02.246744 filter_on - Filter is OFF! Relais 2 / Filter on!
2021-11-01 15:30:02.245612 filter_off - Filter is ON! Relais 2 / Filter will be switched off!
2021-11-02 08:30:02.070406 filter_on - Filter is OFF! Relais 2 / Filter on!
2021-11-02 15:30:01.927015 filter_off - Filter is ON! Relais 2 / Filter will be switched off!
2021-11-03 08:30:02.329942 filter_on - Filter is OFF! Relais 2 / Filter on!
2021-11-03 15:30:02.086686 filter_off - Filter is ON! Relais 2 / Filter will be switched off!
2021-11-04 08:30:01.687043 filter_on - Filter is OFF! Relais 2 / Filter on!
2021-11-04 15:30:01.689369 filter_off - Filter is ON! Relais 2 / Filter will be switched off!
2021-11-05 08:30:02.491871 filter_on - Filter is OFF! Relais 2 / Filter on!
2021-11-05 15:30:02.202057 filter_off - Filter is ON! Relais 2 / Filter will be switched off!
2021-11-06 08:30:01.861784 filter_on - Filter is OFF! Relais 2 / Filter on!
2021-11-06 15:30:02.529455 filter_off - Filter is ON! Relais 2 / Filter will be switched off!
2021-11-07 08:30:02.084217 filter_on - Filter is OFF! Relais 2 / Filter on!
2021-11-07 15:30:01.815947 filter_off - Filter is ON! Relais 2 / Filter will be switched off!
2021-11-08 08:30:01.791584 filter_on - Filter is OFF! Relais 2 / Filter on!
2021-11-08 15:30:02.069293 filter_off - Filter is ON! Relais 2 / Filter will be switched off!
2021-11-09 08:30:02.541757 filter_on - Filter is OFF! Relais 2 / Filter on!
2021-11-09 15:30:02.332236 filter_off - Filter is ON! Relais 2 / Filter will be switched off!
2021-11-10 08:30:02.007246 filter_on - Filter is OFF! Relais 2 / Filter on!
2021-11-10 15:30:02.501240 filter_off - Filter is ON! Relais 2 / Filter will be switched off!
2021-11-11 08:30:02.183379 filter_on - Filter is OFF! Relais 2 / Filter on!
2021-11-11 15:30:01.876732 filter_off - Filter is ON! Relais 2 / Filter will be switched off!
2021-11-12 08:30:01.606304 filter_on - Filter is OFF! Relais 2 / Filter on!
2021-11-12 15:30:02.137843 filter_off - Filter is ON! Relais 2 / Filter will be switched off!
2021-11-13 08:30:01.931097 filter_on - Filter is OFF! Relais 2 / Filter on!
2021-11-13 15:30:02.223492 filter_off - Filter is ON! Relais 2 / Filter will be switched off!
2021-11-14 08:30:01.702378 filter_on - Filter is OFF! Relais 2 / Filter on!
2021-11-14 15:30:02.328180 filter_off - Filter is ON! Relais 2 / Filter will be switched off!
2021-11-15 08:30:02.022700 filter_on - Filter is OFF! Relais 2 / Filter on!
2021-11-15 15:30:02.406728 filter_off - Filter is ON! Relais 2 / Filter will be switched off!
2021-11-16 08:30:01.697980 filter_on - Filter is OFF! Relais 2 / Filter on!
2021-11-16 15:30:02.321812 filter_off - Filter is ON! Relais 2 / Filter will be switched off!
2021-11-17 08:30:02.158169 filter_on - Filter is OFF! Relais 2 / Filter on!
2021-11-17 15:30:02.183178 filter_off - Filter is ON! Relais 2 / Filter will be switched off!
2021-11-18 08:30:01.931528 filter_on - Filter is OFF! Relais 2 / Filter on!
2021-11-18 15:30:01.603055 filter_off - Filter is ON! Relais 2 / Filter will be switched off!
2021-11-19 08:30:02.213501 filter_on - Filter is OFF! Relais 2 / Filter on!
2021-11-19 15:30:02.205664 filter_off - Filter is ON! Relais 2 / Filter will be switched off!
2021-11-20 08:30:01.771697 filter_on - Filter is OFF! Relais 2 / Filter on!
2021-11-20 15:30:02.543141 filter_off - Filter is ON! Relais 2 / Filter will be switched off!
2021-11-21 08:30:01.842931 filter_on - Filter is OFF! Relais 2 / Filter on!
2021-11-21 15:30:02.521130 filter_off - Filter is ON! Relais 2 / Filter will be switched off!
2021-11-22 08:30:02.524090 filter_on - Filter is OFF! Relais 2 / Filter on!
2021-11-22 15:30:02.497084 filter_off - Filter is ON! Relais 2 / Filter will be switched off!
2021-11-23 08:30:02.250551 filter_on - Filter is OFF! Relais 2 / Filter on!
2021-11-23 15:30:01.942145 filter_off - Filter is ON! Relais 2 / Filter will be switched off!
2021-11-24 08:30:02.446188 filter_on - Filter is OFF! Relais 2 / Filter on!
2021-11-24 15:30:01.573569 filter_off - Filter is ON! Relais 2 / Filter will be switched off!
2021-11-25 08:30:02.245162 filter_on - Filter is OFF! Relais 2 / Filter on!
2021-11-25 15:30:01.431796 filter_off - Filter is OFF! No need to switch off Relais 2 / Filter!
2021-11-26 08:30:02.006762 filter_on - Filter is OFF! Relais 2 / Filter on!
2021-11-26 15:30:01.945393 filter_off - Filter is OFF! No need to switch off Relais 2 / Filter!
2021-11-27 08:30:02.328790 filter_on - Filter is OFF! Relais 2 / Filter on!
2021-11-27 15:30:01.427292 filter_off - Filter is OFF! No need to switch off Relais 2 / Filter!
2021-11-28 08:30:02.528606 filter_on - Filter is OFF! Relais 2 / Filter on!
2021-11-28 15:30:01.601716 filter_off - Filter is OFF! No need to switch off Relais 2 / Filter!
2021-11-29 08:30:01.781602 filter_on - Filter is OFF! Relais 2 / Filter on!
2021-11-29 15:30:01.107456 filter_off - Filter is OFF! No need to switch off Relais 2 / Filter!
2021-11-30 08:30:01.810882 filter_on - Filter is OFF! Relais 2 / Filter on!
2021-11-30 15:30:01.762175 filter_off - Filter is OFF! No need to switch off Relais 2 / Filter!
2021-12-01 08:30:02.066506 filter_on - Filter is OFF! Relais 2 / Filter on!
2021-12-01 15:30:01.505830 filter_off - Filter is OFF! No need to switch off Relais 2 / Filter!
2021-12-02 08:30:02.203342 filter_on - Filter is OFF! Relais 2 / Filter on!
2021-12-02 15:30:01.656388 filter_off - Filter is OFF! No need to switch off Relais 2 / Filter!
2021-12-03 08:30:01.941998 filter_on - Filter is OFF! Relais 2 / Filter on!
2021-12-03 15:30:01.134642 filter_off - Filter is OFF! No need to switch off Relais 2 / Filter!
2021-12-04 08:30:02.531138 filter_on - Filter is OFF! Relais 2 / Filter on!
2021-12-04 15:30:01.946184 filter_off - Filter is OFF! No need to switch off Relais 2 / Filter!
2021-12-05 08:30:02.525993 filter_on - Filter is OFF! Relais 2 / Filter on!
2021-12-05 15:30:01.743496 filter_off - Filter is OFF! No need to switch off Relais 2 / Filter!
2021-12-06 08:30:02.442249 filter_on - Filter is OFF! Relais 2 / Filter on!
2021-12-06 15:30:01.361468 filter_off - Filter is OFF! No need to switch off Relais 2 / Filter!
2021-12-07 08:30:01.782830 filter_on - Filter is OFF! Relais 2 / Filter on!
2021-12-07 15:30:01.761308 filter_off - Filter is OFF! No need to switch off Relais 2 / Filter!
2021-12-08 08:30:02.105756 filter_on - Filter is OFF! Relais 2 / Filter on!
2021-12-08 15:30:01.441929 filter_off - Filter is OFF! No need to switch off Relais 2 / Filter!
2021-12-09 08:30:02.542929 filter_on - Filter is OFF! Relais 2 / Filter on!
2021-12-09 15:30:01.202235 filter_off - Filter is OFF! No need to switch off Relais 2 / Filter!
2021-12-10 08:30:01.781972 filter_on - Filter is OFF! Relais 2 / Filter on!
2021-12-10 15:30:01.627794 filter_off - Filter is OFF! No need to switch off Relais 2 / Filter!
2021-12-11 08:30:02.521428 filter_on - Filter is OFF! Relais 2 / Filter on!
2021-12-11 15:30:01.584393 filter_off - Filter is OFF! No need to switch off Relais 2 / Filter!
2021-12-12 08:30:02.103432 filter_on - Filter is OFF! Relais 2 / Filter on!
2021-12-12 15:30:01.359913 filter_off - Filter is OFF! No need to switch off Relais 2 / Filter!
2021-12-13 08:30:01.782447 filter_on - Filter is OFF! Relais 2 / Filter on!
2021-12-13 15:30:01.054352 filter_off - Filter is OFF! No need to switch off Relais 2 / Filter!
2021-12-14 08:30:02.193743 filter_on - Filter is OFF! Relais 2 / Filter on!
2021-12-14 15:30:01.505067 filter_off - Filter is OFF! No need to switch off Relais 2 / Filter!
2021-12-15 08:30:01.703389 filter_on - Filter is OFF! Relais 2 / Filter on!
2021-12-15 15:30:01.062993 filter_off - Filter is OFF! No need to switch off Relais 2 / Filter!
2021-12-16 08:30:01.899824 filter_on - Filter is OFF! Relais 2 / Filter on!
2021-12-16 15:30:01.944509 filter_off - Filter is OFF! No need to switch off Relais 2 / Filter!
2021-12-17 08:30:01.702723 filter_on - Filter is OFF! Relais 2 / Filter on!
2021-12-17 15:30:01.946422 filter_off - Filter is OFF! No need to switch off Relais 2 / Filter!
2021-12-18 08:30:02.323970 filter_on - Filter is OFF! Relais 2 / Filter on!
2021-12-18 15:30:01.759923 filter_off - Filter is OFF! No need to switch off Relais 2 / Filter!
2021-12-19 08:30:01.609223 filter_on - Filter is OFF! Relais 2 / Filter on!
2021-12-19 15:30:01.954507 filter_off - Filter is OFF! No need to switch off Relais 2 / Filter!
2021-12-20 08:30:01.767110 filter_on - Filter is OFF! Relais 2 / Filter on!
2021-12-20 15:30:01.202346 filter_off - Filter is OFF! No need to switch off Relais 2 / Filter!
2021-12-21 08:30:01.697265 filter_on - Filter is OFF! Relais 2 / Filter on!
2021-12-21 15:30:01.761651 filter_off - Filter is OFF! No need to switch off Relais 2 / Filter!
2021-12-22 08:30:02.244303 filter_on - Filter is OFF! Relais 2 / Filter on!
2021-12-22 15:30:01.265843 filter_off - Filter is OFF! No need to switch off Relais 2 / Filter!
2021-12-23 08:30:02.523341 filter_on - Filter is OFF! Relais 2 / Filter on!
2021-12-23 15:30:01.962216 filter_off - Filter is OFF! No need to switch off Relais 2 / Filter!
2021-12-24 08:30:02.182522 filter_on - Filter is OFF! Relais 2 / Filter on!
2021-12-24 15:30:01.940789 filter_off - Filter is OFF! No need to switch off Relais 2 / Filter!
2021-12-25 08:30:02.529106 filter_on - Filter is OFF! Relais 2 / Filter on!
2021-12-25 15:30:01.943925 filter_off - Filter is OFF! No need to switch off Relais 2 / Filter!
2021-12-26 08:30:02.176566 filter_on - Filter is OFF! Relais 2 / Filter on!
2021-12-26 15:30:01.185176 filter_off - Filter is OFF! No need to switch off Relais 2 / Filter!
2021-12-27 08:30:01.614780 filter_on - Filter is OFF! Relais 2 / Filter on!
2021-12-27 15:30:01.744029 filter_off - Filter is OFF! No need to switch off Relais 2 / Filter!
2021-12-28 08:30:02.347211 filter_on - Filter is OFF! Relais 2 / Filter on!
2021-12-28 15:30:01.340208 filter_off - Filter is OFF! No need to switch off Relais 2 / Filter!
2021-12-29 08:30:02.461918 filter_on - Filter is OFF! Relais 2 / Filter on!
2021-12-29 15:30:01.761238 filter_off - Filter is OFF! No need to switch off Relais 2 / Filter!
2021-12-30 08:30:02.101708 filter_on - Filter is OFF! Relais 2 / Filter on!
2021-12-30 15:30:01.377466 filter_off - Filter is OFF! No need to switch off Relais 2 / Filter!
2021-12-31 08:30:02.512692 filter_on - Filter is OFF! Relais 2 / Filter on!
2021-12-31 15:30:01.787769 filter_off - Filter is OFF! No need to switch off Relais 2 / Filter!
2022-01-01 08:30:01.886346 filter_on - Filter is OFF! Relais 2 / Filter on!
2022-01-01 15:30:01.361776 filter_off - Filter is OFF! No need to switch off Relais 2 / Filter!
2022-01-02 08:30:01.798934 filter_on - Filter is OFF! Relais 2 / Filter on!
2022-01-02 15:30:01.861971 filter_off - Filter is OFF! No need to switch off Relais 2 / Filter!
2022-01-03 08:30:01.616895 filter_on - Filter is OFF! Relais 2 / Filter on!
2022-01-03 15:30:01.504936 filter_off - Filter is OFF! No need to switch off Relais 2 / Filter!
2022-01-04 08:30:02.534219 filter_on - Filter is OFF! Relais 2 / Filter on!
2022-01-04 15:30:01.256146 filter_off - Filter is OFF! No need to switch off Relais 2 / Filter!
2022-01-05 08:30:01.771143 filter_on - Filter is OFF! Relais 2 / Filter on!
2022-01-05 15:30:01.443309 filter_off - Filter is OFF! No need to switch off Relais 2 / Filter!
2022-01-06 08:30:01.701559 filter_on - Filter is OFF! Relais 2 / Filter on!
2022-01-06 15:30:01.880854 filter_off - Filter is OFF! No need to switch off Relais 2 / Filter!
2022-01-07 08:30:02.001123 filter_on - Filter is OFF! Relais 2 / Filter on!
2022-01-07 15:30:01.431923 filter_off - Filter is OFF! No need to switch off Relais 2 / Filter!
2022-01-08 08:30:02.492384 filter_on - Filter is OFF! Relais 2 / Filter on!
2022-01-08 15:30:01.983664 filter_off - Filter is OFF! No need to switch off Relais 2 / Filter!
2022-01-09 08:30:01.986257 filter_on - Filter is OFF! Relais 2 / Filter on!
2022-01-09 15:30:01.441596 filter_off - Filter is OFF! No need to switch off Relais 2 / Filter!
2022-01-10 08:30:01.771836 filter_on - Filter is OFF! Relais 2 / Filter on!
2022-01-10 15:30:01.744536 filter_off - Filter is OFF! No need to switch off Relais 2 / Filter!
2022-01-11 08:30:02.133018 filter_on - Filter is OFF! Relais 2 / Filter on!
2022-01-11 15:30:01.185376 filter_off - Filter is OFF! No need to switch off Relais 2 / Filter!
2022-01-12 08:30:01.609586 filter_on - Filter is OFF! Relais 2 / Filter on!
2022-01-12 15:30:01.906197 filter_off - Filter is OFF! No need to switch off Relais 2 / Filter!
2022-01-13 08:30:01.974023 filter_on - Filter is OFF! Relais 2 / Filter on!
2022-01-13 15:30:01.304366 filter_off - Filter is OFF! No need to switch off Relais 2 / Filter!
2022-01-14 08:30:02.441945 filter_on - Filter is OFF! Relais 2 / Filter on!
2022-01-14 15:30:01.701268 filter_off - Filter is OFF! No need to switch off Relais 2 / Filter!
2022-01-15 08:30:02.231604 filter_on - Filter is OFF! Relais 2 / Filter on!
2022-01-15 15:30:01.748050 filter_off - Filter is OFF! No need to switch off Relais 2 / Filter!
2022-01-16 08:30:01.603016 filter_on - Filter is OFF! Relais 2 / Filter on!
2022-01-16 15:30:01.761925 filter_off - Filter is OFF! No need to switch off Relais 2 / Filter!
2022-01-17 08:30:02.251733 filter_on - Filter is OFF! Relais 2 / Filter on!
2022-01-17 15:30:01.265823 filter_off - Filter is OFF! No need to switch off Relais 2 / Filter!
2022-01-18 08:30:02.012797 filter_on - Filter is OFF! Relais 2 / Filter on!
2022-01-18 15:30:01.962273 filter_off - Filter is OFF! No need to switch off Relais 2 / Filter!
2022-01-19 08:30:01.813002 filter_on - Filter is OFF! Relais 2 / Filter on!
2022-01-19 15:30:01.202402 filter_off - Filter is OFF! No need to switch off Relais 2 / Filter!
2022-01-20 08:30:01.782188 filter_on - Filter is OFF! Relais 2 / Filter on!
2022-01-20 15:30:01.833368 filter_off - Filter is OFF! No need to switch off Relais 2 / Filter!
2022-01-21 08:30:02.086966 filter_on - Filter is OFF! Relais 2 / Filter on!
2022-01-21 15:30:01.347651 filter_off - Filter is OFF! No need to switch off Relais 2 / Filter!
2022-01-22 08:30:01.783059 filter_on - Filter is OFF! Relais 2 / Filter on!
2022-01-22 15:30:01.960997 filter_off - Filter is OFF! No need to switch off Relais 2 / Filter!
2022-01-23 08:30:02.421643 filter_on - Filter is OFF! Relais 2 / Filter on!
2022-01-23 15:30:01.600974 filter_off - Filter is OFF! No need to switch off Relais 2 / Filter!
2022-01-24 08:30:01.612781 filter_on - Filter is OFF! Relais 2 / Filter on!
2022-01-24 15:30:01.740398 filter_off - Filter is OFF! No need to switch off Relais 2 / Filter!
2022-01-25 08:30:01.852379 filter_on - Filter is OFF! Relais 2 / Filter on!
2022-01-25 15:30:01.623310 filter_off - Filter is OFF! No need to switch off Relais 2 / Filter!
2022-01-26 08:30:02.416301 filter_on - Filter is OFF! Relais 2 / Filter on!
2022-01-26 15:30:01.945510 filter_off - Filter is OFF! No need to switch off Relais 2 / Filter!
2022-01-27 08:30:02.074271 filter_on - Filter is OFF! Relais 2 / Filter on!
2022-01-27 15:30:01.353045 filter_off - Filter is OFF! No need to switch off Relais 2 / Filter!
2022-01-28 08:30:01.755817 filter_on - Filter is OFF! Relais 2 / Filter on!
2022-01-28 15:30:01.748145 filter_off - Filter is OFF! No need to switch off Relais 2 / Filter!
2022-01-29 08:30:02.005036 filter_on - Filter is OFF! Relais 2 / Filter on!
2022-01-29 15:30:01.187310 filter_off - Filter is OFF! No need to switch off Relais 2 / Filter!
2022-01-30 08:30:02.461785 filter_on - Filter is OFF! Relais 2 / Filter on!
2022-01-30 15:30:01.745296 filter_off - Filter is OFF! No need to switch off Relais 2 / Filter!
2022-01-31 08:30:01.989554 filter_on - Filter is OFF! Relais 2 / Filter on!
2022-01-31 15:30:01.348635 filter_off - Filter is OFF! No need to switch off Relais 2 / Filter!
2022-02-01 08:30:01.813438 filter_on - Filter is OFF! Relais 2 / Filter on!
2022-02-01 15:30:01.134679 filter_off - Filter is OFF! No need to switch off Relais 2 / Filter!
2022-02-02 08:30:01.606666 filter_on - Filter is OFF! Relais 2 / Filter on!
2022-02-02 15:30:01.459702 filter_off - Filter is OFF! No need to switch off Relais 2 / Filter!
2022-02-03 08:30:02.006693 filter_on - Filter is OFF! Relais 2 / Filter on!
2022-02-03 15:30:01.505702 filter_off - Filter is OFF! No need to switch off Relais 2 / Filter!
2022-02-04 08:30:01.609202 filter_on - Filter is OFF! Relais 2 / Filter on!
2022-02-04 15:30:01.106563 filter_off - Filter is OFF! No need to switch off Relais 2 / Filter!
2022-02-05 08:30:01.601043 filter_on - Filter is OFF! Relais 2 / Filter on!
2022-02-05 15:30:01.433027 filter_off - Filter is OFF! No need to switch off Relais 2 / Filter!
2022-02-06 08:30:01.663270 filter_on - Filter is OFF! Relais 2 / Filter on!
2022-02-06 15:30:01.311968 filter_off - Filter is OFF! No need to switch off Relais 2 / Filter!
2022-02-07 08:30:02.119087 filter_on - Filter is OFF! Relais 2 / Filter on!
2022-02-07 15:30:01.430846 filter_off - Filter is OFF! No need to switch off Relais 2 / Filter!
2022-02-08 08:30:02.527374 filter_on - Filter is OFF! Relais 2 / Filter on!
2022-02-08 15:30:02.024231 filter_off - Filter is OFF! No need to switch off Relais 2 / Filter!
2022-02-09 08:30:02.103370 filter_on - Filter is OFF! Relais 2 / Filter on!
2022-02-09 15:30:01.201629 filter_off - Filter is OFF! No need to switch off Relais 2 / Filter!
2022-02-10 08:30:01.696599 filter_on - Filter is OFF! Relais 2 / Filter on!
2022-02-10 15:30:01.516941 filter_off - Filter is OFF! No need to switch off Relais 2 / Filter!
2022-02-11 08:30:02.262928 filter_on - Filter is OFF! Relais 2 / Filter on!
2022-02-11 15:30:01.361197 filter_off - Filter is OFF! No need to switch off Relais 2 / Filter!
2022-02-12 08:30:02.247053 filter_on - Filter is OFF! Relais 2 / Filter on!
2022-02-12 15:30:01.668009 filter_off - Filter is OFF! No need to switch off Relais 2 / Filter!
2022-02-13 08:30:01.863687 filter_on - Filter is OFF! Relais 2 / Filter on!
2022-02-13 15:30:01.784400 filter_off - Filter is OFF! No need to switch off Relais 2 / Filter!
2022-02-14 08:30:02.329027 filter_on - Filter is OFF! Relais 2 / Filter on!
2022-02-14 15:30:01.349813 filter_off - Filter is OFF! No need to switch off Relais 2 / Filter!
2022-02-15 08:30:02.185626 filter_on - Filter is OFF! Relais 2 / Filter on!
2022-02-15 15:30:01.746919 filter_off - Filter is OFF! No need to switch off Relais 2 / Filter!
2022-02-16 08:30:02.497929 filter_on - Filter is OFF! Relais 2 / Filter on!
2022-02-16 15:30:01.500806 filter_off - Filter is OFF! No need to switch off Relais 2 / Filter!
2022-02-17 08:30:02.154866 filter_on - Filter is OFF! Relais 2 / Filter on!
2022-02-17 15:30:01.278158 filter_off - Filter is OFF! No need to switch off Relais 2 / Filter!
2022-02-18 08:30:02.525522 filter_on - Filter is OFF! Relais 2 / Filter on!
2022-02-18 15:30:01.499883 filter_off - Filter is OFF! No need to switch off Relais 2 / Filter!
2022-02-19 08:30:02.256955 filter_on - Filter is OFF! Relais 2 / Filter on!
2022-02-19 15:30:01.348496 filter_off - Filter is OFF! No need to switch off Relais 2 / Filter!
2022-02-20 08:30:02.334500 filter_on - Filter is OFF! Relais 2 / Filter on!
2022-02-20 15:30:01.982373 filter_off - Filter is OFF! No need to switch off Relais 2 / Filter!
2022-02-21 08:30:01.886308 filter_on - Filter is OFF! Relais 2 / Filter on!
2022-02-21 15:30:01.359533 filter_off - Filter is OFF! No need to switch off Relais 2 / Filter!
2022-02-22 08:30:02.445582 filter_on - Filter is OFF! Relais 2 / Filter on!
2022-02-22 15:30:01.599124 filter_off - Filter is OFF! No need to switch off Relais 2 / Filter!
2022-02-23 08:30:01.916291 filter_on - Filter is OFF! Relais 2 / Filter on!
2022-02-23 15:30:01.183315 filter_off - Filter is OFF! No need to switch off Relais 2 / Filter!
2022-02-24 08:30:01.780255 filter_on - Filter is OFF! Relais 2 / Filter on!
2022-02-24 15:30:01.662840 filter_off - Filter is OFF! No need to switch off Relais 2 / Filter!
2022-02-25 08:30:01.810143 filter_on - Filter is OFF! Relais 2 / Filter on!
2022-02-25 15:30:01.743555 filter_off - Filter is OFF! No need to switch off Relais 2 / Filter!
2022-02-26 08:30:02.240350 filter_on - Filter is OFF! Relais 2 / Filter on!
2022-02-26 15:30:01.416645 filter_off - Filter is OFF! No need to switch off Relais 2 / Filter!
2022-02-27 08:30:01.764668 filter_on - Filter is OFF! Relais 2 / Filter on!
2022-02-27 15:30:01.988516 filter_off - Filter is OFF! No need to switch off Relais 2 / Filter!
2022-02-28 08:30:02.438902 filter_on - Filter is OFF! Relais 2 / Filter on!
2022-02-28 15:30:01.713139 filter_off - Filter is OFF! No need to switch off Relais 2 / Filter!
2022-03-01 08:30:02.003542 filter_on - Filter is OFF! Relais 2 / Filter on!
2022-03-01 15:30:02.038699 filter_off - Filter is OFF! No need to switch off Relais 2 / Filter!
2022-03-02 08:30:02.100354 filter_on - Filter is OFF! Relais 2 / Filter on!
2022-03-02 15:30:01.420582 filter_off - Filter is OFF! No need to switch off Relais 2 / Filter!
2022-03-03 08:30:02.515394 filter_on - Filter is OFF! Relais 2 / Filter on!
2022-03-03 15:30:01.119107 filter_off - Filter is OFF! No need to switch off Relais 2 / Filter!
2022-03-04 08:30:02.244021 filter_on - Filter is OFF! Relais 2 / Filter on!
2022-03-04 15:30:01.388695 filter_off - Filter is OFF! No need to switch off Relais 2 / Filter!
2022-03-05 08:30:01.988946 filter_on - Filter is OFF! Relais 2 / Filter on!
2022-03-05 15:30:01.118823 filter_off - Filter is OFF! No need to switch off Relais 2 / Filter!
2022-03-06 08:30:02.325380 filter_on - Filter is OFF! Relais 2 / Filter on!
2022-03-06 15:30:01.503511 filter_off - Filter is OFF! No need to switch off Relais 2 / Filter!
2022-03-07 08:30:01.681025 filter_on - Filter is OFF! Relais 2 / Filter on!
2022-03-07 15:30:01.388400 filter_off - Filter is OFF! No need to switch off Relais 2 / Filter!
2022-03-08 08:30:02.002188 filter_on - Filter is OFF! Relais 2 / Filter on!
2022-03-08 15:30:01.198478 filter_off - Filter is OFF! No need to switch off Relais 2 / Filter!
2022-03-09 08:30:02.533001 filter_on - Filter is OFF! Relais 2 / Filter on!
2022-03-09 15:30:01.911313 filter_off - Filter is OFF! No need to switch off Relais 2 / Filter!
2022-03-10 08:30:02.193893 filter_on - Filter is OFF! Relais 2 / Filter on!
2022-03-10 15:30:01.278812 filter_off - Filter is OFF! No need to switch off Relais 2 / Filter!
2022-03-11 08:30:02.244653 filter_on - Filter is OFF! Relais 2 / Filter on!
2022-03-11 15:30:01.911680 filter_off - Filter is OFF! No need to switch off Relais 2 / Filter!
2022-03-12 08:30:02.084587 filter_on - Filter is OFF! Relais 2 / Filter on!
2022-03-12 15:30:01.256894 filter_off - Filter is OFF! No need to switch off Relais 2 / Filter!
2022-03-13 08:30:02.122517 filter_on - Filter is OFF! Relais 2 / Filter on!
2022-03-13 15:30:01.878197 filter_off - Filter is OFF! No need to switch off Relais 2 / Filter!
2022-03-14 08:30:02.309838 filter_on - Filter is OFF! Relais 2 / Filter on!
2022-03-14 15:30:01.197853 filter_off - Filter is OFF! No need to switch off Relais 2 / Filter!
2022-03-15 08:30:02.148299 filter_on - Filter is OFF! Relais 2 / Filter on!
2022-03-15 15:30:01.427414 filter_off - Filter is OFF! No need to switch off Relais 2 / Filter!
2022-03-16 08:30:02.483107 filter_on - Filter is OFF! Relais 2 / Filter on!
2022-03-16 15:30:02.036845 filter_off - Filter is OFF! No need to switch off Relais 2 / Filter!
2022-03-17 08:30:02.051739 filter_on - Filter is OFF! Relais 2 / Filter on!
2022-03-17 15:30:01.352771 filter_off - Filter is OFF! No need to switch off Relais 2 / Filter!
2022-03-18 08:30:01.688675 filter_on - Filter is OFF! Relais 2 / Filter on!
2022-03-18 15:30:01.905065 filter_off - Filter is OFF! No need to switch off Relais 2 / Filter!
2022-03-19 08:30:02.004509 filter_on - Filter is OFF! Relais 2 / Filter on!
2022-03-19 15:30:01.118543 filter_off - Filter is OFF! No need to switch off Relais 2 / Filter!
2022-03-20 08:30:02.539447 filter_on - Filter is OFF! Relais 2 / Filter on!
2022-03-20 15:30:01.503114 filter_off - Filter is OFF! No need to switch off Relais 2 / Filter!
2022-03-21 08:30:01.859825 filter_on - Filter is OFF! Relais 2 / Filter on!
2022-03-21 15:30:01.263371 filter_off - Filter is OFF! No need to switch off Relais 2 / Filter!
2022-03-22 08:30:02.442796 filter_on - Filter is OFF! Relais 2 / Filter on!
2022-03-22 15:30:01.359149 filter_off - Filter is OFF! No need to switch off Relais 2 / Filter!
2022-03-23 08:30:02.538361 filter_on - Filter is OFF! Relais 2 / Filter on!
2022-03-23 15:30:01.291151 filter_off - Filter is OFF! No need to switch off Relais 2 / Filter!
